[DEBUG] Home page accessed
[DEBUG] Home page accessed
[DEBUG] Home page accessed
[DEBUG] Home page accessed
[DEBUG] Database unavailable - showing error page
[DEBUG] Database unavailable - showing error page
[DEBUG] Database unavailable - showing error page
[DEBUG] Database unavailable - showing error page
[DEBUG] Database unavailable - showing error page
[DEBUG] Database unavailable - showing error page
[DEBUG] Database unavailable - showing error page
2025-04-06 09:04:08[DEBUG] Database unavailable - showing error page
2025-04-06 10:04:15 [DEBUG] Home page accessed
2025-04-06 10:04:04 [DEBUG] Home page accessed
2025-04-06 10:04:53 [DEBUG] Home page accessed
2025-04-06 10:04:58 [DEBUG] Home page accessed
2025-04-06 10:04:02 [DEBUG] Home page accessed
2025-04-06 10:04:23 [DEBUG] Home page accessed
2025-04-06 10:04:38 [DEBUG] Raw body: '{"username":"kao"}'
2025-04-06 10:04:38 [DEBUG] Parsed JSON data: Array
(
    [username] => kao
)

2025-04-06 10:04:38 [DEBUG] Parsed username: 'kao'
2025-04-06 10:04:39 [DEBUG] Raw body: '{"username":"kaom"}'
2025-04-06 10:04:39 [DEBUG] Parsed JSON data: Array
(
    [username] => kaom
)

2025-04-06 10:04:39 [DEBUG] Parsed username: 'kaom'
2025-04-06 10:04:39 [DEBUG] Raw body: '{"username":"kaoma"}'
2025-04-06 10:04:39 [DEBUG] Parsed JSON data: Array
(
    [username] => kaoma
)

2025-04-06 10:04:39 [DEBUG] Parsed username: 'kaoma'
2025-04-06 11:04:43 [DEBUG] Raw body: '{"username":"kao"}'
2025-04-06 11:04:43 [DEBUG] Parsed JSON data: Array
(
    [username] => kao
)

2025-04-06 11:04:43 [DEBUG] Parsed username: 'kao'
2025-04-06 11:04:43 [DEBUG] Raw body: '{"username":"kaom"}'
2025-04-06 11:04:43 [DEBUG] Parsed JSON data: Array
(
    [username] => kaom
)

2025-04-06 11:04:43 [DEBUG] Parsed username: 'kaom'
2025-04-06 11:04:43 [DEBUG] Raw body: '{"username":"kaoma"}'
2025-04-06 11:04:43 [DEBUG] Parsed JSON data: Array
(
    [username] => kaoma
)

2025-04-06 11:04:43 [DEBUG] Parsed username: 'kaoma'
2025-04-06 11:04:10 [DEBUG] Raw body: '{"username":"kaom"}'
2025-04-06 11:04:10 [DEBUG] Parsed JSON data: Array
(
    [username] => kaom
)

2025-04-06 11:04:10 [DEBUG] Parsed username: 'kaom'
2025-04-06 11:04:12 [DEBUG] Raw body: '{"username":"kaoma"}'
2025-04-06 11:04:12 [DEBUG] Parsed JSON data: Array
(
    [username] => kaoma
)

2025-04-06 11:04:12 [DEBUG] Parsed username: 'kaoma'
2025-04-06 11:04:15 [DEBUG] Raw body: '{"username":"kaom"}'
2025-04-06 11:04:15 [DEBUG] Parsed JSON data: Array
(
    [username] => kaom
)

2025-04-06 11:04:15 [DEBUG] Parsed username: 'kaom'
2025-04-06 11:04:19 [DEBUG] Raw body: '{"username":"kao"}'
2025-04-06 11:04:19 [DEBUG] Parsed JSON data: Array
(
    [username] => kao
)

2025-04-06 11:04:19 [DEBUG] Parsed username: 'kao'
2025-04-06 11:04:10 [DEBUG] Raw body: '{"username":"kao"}'
2025-04-06 11:04:10 [DEBUG] Parsed JSON data: Array
(
    [username] => kao
)

2025-04-06 11:04:10 [DEBUG] Parsed username: 'kao'
2025-04-06 11:04:09 [DEBUG] Raw body: '{"username":"kao"}'
2025-04-06 11:04:09 [DEBUG] Parsed JSON data: Array
(
    [username] => kao
)

2025-04-06 11:04:09 [DEBUG] Parsed username: 'kao'
2025-04-06 11:04:09 [DEBUG] Raw body: '{"username":"kaom"}'
2025-04-06 11:04:09 [DEBUG] Parsed JSON data: Array
(
    [username] => kaom
)

2025-04-06 11:04:09 [DEBUG] Parsed username: 'kaom'
2025-04-06 11:04:09 [DEBUG] Raw body: '{"username":"kaoma"}'
2025-04-06 11:04:09 [DEBUG] Parsed JSON data: Array
(
    [username] => kaoma
)

2025-04-06 11:04:09 [DEBUG] Parsed username: 'kaoma'
2025-04-06 11:04:10 [DEBUG] Raw body: '{"username":"kaom"}'
2025-04-06 11:04:10 [DEBUG] Parsed JSON data: Array
(
    [username] => kaom
)

2025-04-06 11:04:10 [DEBUG] Parsed username: 'kaom'
2025-04-06 11:04:52 [DEBUG] Raw body: '{"username":"kaoma"}'
2025-04-06 11:04:52 [DEBUG] Parsed JSON data: Array
(
    [username] => kaoma
)

2025-04-06 11:04:52 [DEBUG] Parsed username: 'kaoma'
2025-04-06 11:04:59 [DEBUG] Raw body: '{"username":"kaom"}'
2025-04-06 11:04:59 [DEBUG] Parsed JSON data: Array
(
    [username] => kaom
)

2025-04-06 11:04:59 [DEBUG] Parsed username: 'kaom'
2025-04-06 11:04:07 [DEBUG] Raw body: '{"username":"kao"}'
2025-04-06 11:04:07 [DEBUG] Parsed JSON data: Array
(
    [username] => kao
)

2025-04-06 11:04:07 [DEBUG] Parsed username: 'kao'
2025-04-06 11:04:37 [DEBUG] Signup POST data: Array
(
    [username] => kao
    [first_name] => kaoma
    [last_name] => chishimba
    [gender] => male
    [password] => password
)

2025-04-06 11:04:37 [DEBUG] Parsed username: 'kao'
2025-04-06 11:04:37 [DEBUG] Home page accessed
2025-04-06 11:04:58 [DEBUG] Home page accessed
2025-04-06 11:04:04 [DEBUG] Home page accessed
2025-04-06 12:04:21 [DEBUG] Home page accessed
2025-04-06 12:04:25 [DEBUG] Raw body: '{"username":"new"}'
2025-04-06 12:04:25 [DEBUG] Parsed JSON data: Array
(
    [username] => new
)

2025-04-06 12:04:25 [DEBUG] Parsed username: 'new'
2025-04-06 12:04:26 [DEBUG] Raw body: '{"username":"newg"}'
2025-04-06 12:04:26 [DEBUG] Parsed JSON data: Array
(
    [username] => newg
)

2025-04-06 12:04:26 [DEBUG] Parsed username: 'newg'
2025-04-06 12:04:26 [DEBUG] Raw body: '{"username":"newgu"}'
2025-04-06 12:04:26 [DEBUG] Parsed JSON data: Array
(
    [username] => newgu
)

2025-04-06 12:04:26 [DEBUG] Parsed username: 'newgu'
2025-04-06 12:04:27 [DEBUG] Raw body: '{"username":"newguy"}'
2025-04-06 12:04:27 [DEBUG] Parsed JSON data: Array
(
    [username] => newguy
)

2025-04-06 12:04:27 [DEBUG] Parsed username: 'newguy'
[DEBUG] Home page accessed
[DEBUG] Home page accessed
[DEBUG] Login POST data: Array
(
    [username] => kaoma
    [password] => password
)

[DEBUG] Login failed for username: kaoma
[DEBUG] Login POST data: Array
(
    [username] => kaoma
    [password] => password
)

[DEBUG] Login failed for username: kaoma
[DEBUG] Login POST data: Array
(
    [username] => kaoma
    [password] => password
)

[DEBUG] Login failed for username: kaoma
[DEBUG] Login POST data: Array
(
    [username] => kao
    [password] => password
)

[DEBUG] User logged in successfully: kao
[DEBUG] Home page accessed
[DEBUG] Home page accessed
[DEBUG] Home page accessed
[DEBUG] Home page accessed
[DEBUG] Login POST data: Array
(
    [username] => kao
    [password] => password
)

[DEBUG] User logged in successfully: kao
[DEBUG] Home page accessed
[DEBUG] Home page accessed
[DEBUG] Home page accessed
